Determining if the pthread_create exist failed with the following output:
Change Dir: /home/unkwis/Documents/PG/rt/cmake-build-debug/CMakeFiles/CMakeTmp

Run Build Command:"/usr/bin/make" "cmTC_33b34/fast"
make[1]: Entering directory `/home/unkwis/Documents/PG/rt/cmake-build-debug/CMakeFiles/CMakeTmp'
/usr/bin/make -f CMakeFiles/cmTC_33b34.dir/build.make CMakeFiles/cmTC_33b34.dir/build
make[2]: Entering directory `/home/unkwis/Documents/PG/rt/cmake-build-debug/CMakeFiles/CMakeTmp'
Building C object CMakeFiles/cmTC_33b34.dir/CheckSymbolExists.c.o
/usr/bin/cc     -o CMakeFiles/cmTC_33b34.dir/CheckSymbolExists.c.o   -c /home/unkwis/Documents/PG/rt/cmake-build-debug/CMakeFiles/CMakeTmp/CheckSymbolExists.c
Linking C executable cmTC_33b34
/home/unkwis/Documents/clion-2016.3/bin/cmake/bin/cmake -E cmake_link_script CMakeFiles/cmTC_33b34.dir/link.txt --verbose=1
/usr/bin/cc       CMakeFiles/cmTC_33b34.dir/CheckSymbolExists.c.o  -o cmTC_33b34 -rdynamic 
CMakeFiles/cmTC_33b34.dir/CheckSymbolExists.c.o: In function `main':
CheckSymbolExists.c:(.text+0x16): undefined reference to `pthread_create'
collect2: error: ld returned 1 exit status
make[2]: *** [cmTC_33b34] Error 1
make[2]: Leaving directory `/home/unkwis/Documents/PG/rt/cmake-build-debug/CMakeFiles/CMakeTmp'
make[1]: *** [cmTC_33b34/fast] Error 2
make[1]: Leaving directory `/home/unkwis/Documents/PG/rt/cmake-build-debug/CMakeFiles/CMakeTmp'

File /home/unkwis/Documents/PG/rt/cmake-build-debug/CMakeFiles/CMakeTmp/CheckSymbolExists.c:
/* */
#include <pthread.h>

int main(int argc, char** argv)
{
  (void)argv;
#ifndef pthread_create
  return ((int*)(&pthread_create))[argc];
#else
  (void)argc;
  return 0;
#endif
}

Determining if the function pthread_create exists in the pthreads failed with the following output:
Change Dir: /home/unkwis/Documents/PG/rt/cmake-build-debug/CMakeFiles/CMakeTmp

Run Build Command:"/usr/bin/make" "cmTC_34d44/fast"
make[1]: Entering directory `/home/unkwis/Documents/PG/rt/cmake-build-debug/CMakeFiles/CMakeTmp'
/usr/bin/make -f CMakeFiles/cmTC_34d44.dir/build.make CMakeFiles/cmTC_34d44.dir/build
make[2]: Entering directory `/home/unkwis/Documents/PG/rt/cmake-build-debug/CMakeFiles/CMakeTmp'
Building C object CMakeFiles/cmTC_34d44.dir/CheckFunctionExists.c.o
/usr/bin/cc    -DCHECK_FUNCTION_EXISTS=pthread_create   -o CMakeFiles/cmTC_34d44.dir/CheckFunctionExists.c.o   -c /home/unkwis/Documents/clion-2016.3/bin/cmake/share/cmake-3.6/Modules/CheckFunctionExists.c
Linking C executable cmTC_34d44
/home/unkwis/Documents/clion-2016.3/bin/cmake/bin/cmake -E cmake_link_script CMakeFiles/cmTC_34d44.dir/link.txt --verbose=1
/usr/bin/cc   -DCHECK_FUNCTION_EXISTS=pthread_create    CMakeFiles/cmTC_34d44.dir/CheckFunctionExists.c.o  -o cmTC_34d44 -rdynamic -lpthreads 
/usr/bin/ld: cannot find -lpthreads
collect2: error: ld returned 1 exit status
make[2]: *** [cmTC_34d44] Error 1
make[2]: Leaving directory `/home/unkwis/Documents/PG/rt/cmake-build-debug/CMakeFiles/CMakeTmp'
make[1]: *** [cmTC_34d44/fast] Error 2
make[1]: Leaving directory `/home/unkwis/Documents/PG/rt/cmake-build-debug/CMakeFiles/CMakeTmp'


