Determining if the pthread_create exist failed with the following output:
Change Dir: /home/unkwis/Documents/PG/rt/CMakeFiles/CMakeTmp

Run Build Command:"/usr/bin/make" "cmTC_149ac/fast"
/usr/bin/make -f CMakeFiles/cmTC_149ac.dir/build.make CMakeFiles/cmTC_149ac.dir/build
make[1]: Entering directory `/home/unkwis/Documents/PG/rt/CMakeFiles/CMakeTmp'
Building C object CMakeFiles/cmTC_149ac.dir/CheckSymbolExists.c.o
/usr/bin/cc     -o CMakeFiles/cmTC_149ac.dir/CheckSymbolExists.c.o   -c /home/unkwis/Documents/PG/rt/CMakeFiles/CMakeTmp/CheckSymbolExists.c
Linking C executable cmTC_149ac
/home/unkwis/Documents/clion-2016.3/bin/cmake/bin/cmake -E cmake_link_script CMakeFiles/cmTC_149ac.dir/link.txt --verbose=1
/usr/bin/cc       CMakeFiles/cmTC_149ac.dir/CheckSymbolExists.c.o  -o cmTC_149ac -rdynamic 
CMakeFiles/cmTC_149ac.dir/CheckSymbolExists.c.o: In function `main':
CheckSymbolExists.c:(.text+0x16): undefined reference to `pthread_create'
collect2: error: ld returned 1 exit status
make[1]: *** [cmTC_149ac] Error 1
make[1]: Leaving directory `/home/unkwis/Documents/PG/rt/CMakeFiles/CMakeTmp'
make: *** [cmTC_149ac/fast] Error 2

File /home/unkwis/Documents/PG/rt/CMakeFiles/CMakeTmp/CheckSymbolExists.c:
/* */
#include <pthread.h>

int main(int argc, char** argv)
{
  (void)argv;
#ifndef pthread_create
  return ((int*)(&pthread_create))[argc];
#else
  (void)argc;
  return 0;
#endif
}

Determining if the function pthread_create exists in the pthreads failed with the following output:
Change Dir: /home/unkwis/Documents/PG/rt/CMakeFiles/CMakeTmp

Run Build Command:"/usr/bin/make" "cmTC_2fbad/fast"
/usr/bin/make -f CMakeFiles/cmTC_2fbad.dir/build.make CMakeFiles/cmTC_2fbad.dir/build
make[1]: Entering directory `/home/unkwis/Documents/PG/rt/CMakeFiles/CMakeTmp'
Building C object CMakeFiles/cmTC_2fbad.dir/CheckFunctionExists.c.o
/usr/bin/cc    -DCHECK_FUNCTION_EXISTS=pthread_create   -o CMakeFiles/cmTC_2fbad.dir/CheckFunctionExists.c.o   -c /home/unkwis/Documents/clion-2016.3/bin/cmake/share/cmake-3.6/Modules/CheckFunctionExists.c
Linking C executable cmTC_2fbad
/home/unkwis/Documents/clion-2016.3/bin/cmake/bin/cmake -E cmake_link_script CMakeFiles/cmTC_2fbad.dir/link.txt --verbose=1
/usr/bin/cc   -DCHECK_FUNCTION_EXISTS=pthread_create    CMakeFiles/cmTC_2fbad.dir/CheckFunctionExists.c.o  -o cmTC_2fbad -rdynamic -lpthreads 
/usr/bin/ld: cannot find -lpthreads
collect2: error: ld returned 1 exit status
make[1]: *** [cmTC_2fbad] Error 1
make[1]: Leaving directory `/home/unkwis/Documents/PG/rt/CMakeFiles/CMakeTmp'
make: *** [cmTC_2fbad/fast] Error 2


